{"meta": {"format": 3, "version": "7.15.4", "timestamp": "2026-08-19T08:38:20.799928", "branch_coverage": false, "show_contexts": false}, "files": {"app.py": {"executed_lines": [1, 2, 3, 4, 5, 6, 7, 8, 9, 10, 13, 14, 17, 19, 22, 23, 25, 31, 32, 33, 39, 41, 42, 43, 44, 45, 47, 49, 50, 52, 53, 54, 56, 57, 58, 59, 60, 61, 64, 65, 69, 70, 71, 73, 74, 75, 77, 78, 79, 81, 82, 83, 85, 86, 87, 88, 89, 90, 95, 96, 97, 98, 99, 100, 101, 102, 103, 104, 105, 106, 108, 109, 111, 112, 113, 115, 116, 117, 118, 119, 120, 121, 122, 123, 124, 125, 127, 128, 130, 131, 132, 134, 135, 136, 137, 138, 139, 140, 141, 142, 143, 148, 149, 151, 152, 153, 155, 156, 159, 160, 163, 166, 167, 168, 170, 171, 173, 175, 177, 178, 179, 180, 181, 182, 184, 185, 187, 188, 189, 190, 196, 197, 199, 200, 201, 203, 204, 205, 206, 207, 208, 210, 211, 213, 214, 215, 221, 222, 224], "summary": {"covered_lines": 149, "num_statements": 170, "percent_covered": 87.6470588235294, "percent_covered_display": "88", "missing_lines": 21, "excluded_lines": 0, "percent_statements_covered": 87.6470588235294, "percent_statements_covered_display": "88"}, "missing_lines": [26, 27, 34, 35, 36, 144, 145, 146, 157, 164, 165, 191, 192, 193, 194, 216, 217, 218, 219, 225, 226], "excluded_lines": [], "functions": {"require_auth": {"executed_lines": [41, 42, 65], "summary": {"covered_lines": 3, "num_statements": 3, "percent_covered": 100.0, "percent_covered_display": "100", "missing_lines": 0, "excluded_lines": 0, "percent_statements_covered": 100.0, "percent_statements_covered_display": "100"}, "missing_lines": [], "excluded_lines": [], "start_line": 39}, "require_auth.decorated": {"executed_lines": [43, 44, 45, 47, 49, 50, 52, 53, 54, 56, 57, 58, 59, 60, 61, 64], "summary": {"covered_lines": 16, "num_statements": 16, "percent_covered": 100.0, "percent_covered_display": "100", "missing_lines": 0, "excluded_lines": 0, "percent_statements_covered": 100.0, "percent_statements_covered_display": "100"}, "missing_lines": [], "excluded_lines": [], "start_line": 42}, "health": {"executed_lines": [71], "summary": {"covered_lines": 1, "num_statements": 1, "percent_covered": 100.0, "percent_covered_display": "100", "missing_lines": 0, "excluded_lines": 0, "percent_statements_covered": 100.0, "percent_statements_covered_display": "100"}, "missing_lines": [], "excluded_lines": [], "start_line": 70}, "create_flag": {"executed_lines": [77, 78, 79, 81, 82, 83, 85, 86, 87, 88, 89, 90, 95, 96, 97, 98, 99, 100, 101, 102, 103, 104, 105, 106, 108, 109], "summary": {"covered_lines": 26, "num_statements": 26, "percent_covered": 100.0, "percent_covered_display": "100", "missing_lines": 0, "excluded_lines": 0, "percent_statements_covered": 100.0, "percent_statements_covered_display": "100"}, "missing_lines": [], "excluded_lines": [], "start_line": 75}, "get_flags": {"executed_lines": [115, 116, 117, 118, 119, 120, 121, 122, 123, 124, 125, 127, 128], "summary": {"covered_lines": 13, "num_statements": 13, "percent_covered": 100.0, "percent_covered_display": "100", "missing_lines": 0, "excluded_lines": 0, "percent_statements_covered": 100.0, "percent_statements_covered_display": "100"}, "missing_lines": [], "excluded_lines": [], "start_line": 113}, "get_flag": {"executed_lines": [134, 135, 136, 137, 138, 139, 140, 141, 142, 143, 148, 149], "summary": {"covered_lines": 12, "num_statements": 15, "percent_covered": 80.0, "percent_covered_display": "80", "missing_lines": 3, "excluded_lines": 0, "percent_statements_covered": 80.0, "percent_statements_covered_display": "80"}, "missing_lines": [144, 145, 146], "excluded_lines": [], "start_line": 132}, "update_flag": {"executed_lines": [155, 156, 159, 160, 163, 166, 167, 168, 170, 171, 173, 175, 177, 178, 179, 180, 181, 182, 184, 185, 187, 188, 189, 190, 196, 197], "summary": {"covered_lines": 26, "num_statements": 33, "percent_covered": 78.78787878787878, "percent_covered_display": "79", "missing_lines": 7, "excluded_lines": 0, "percent_statements_covered": 78.78787878787878, "percent_statements_covered_display": "79"}, "missing_lines": [157, 164, 165, 191, 192, 193, 194], "excluded_lines": [], "start_line": 153}, "delete_flag": {"executed_lines": [203, 204, 205, 206, 207, 208, 210, 211, 213, 214, 215, 221, 222], "summary": {"covered_lines": 13, "num_statements": 17, "percent_covered": 76.47058823529412, "percent_covered_display": "76", "missing_lines": 4, "excluded_lines": 0, "percent_statements_covered": 76.47058823529412, "percent_statements_covered_display": "76"}, "missing_lines": [216, 217, 218, 219], "excluded_lines": [], "start_line": 201}, "": {"executed_lines": [1, 2, 3, 4, 5, 6, 7, 8, 9, 10, 13, 14, 17, 19, 22, 23, 25, 31, 32, 33, 39, 69, 70, 73, 74, 75, 111, 112, 113, 130, 131, 132, 151, 152, 153, 199, 200, 201, 224], "summary": {"covered_lines": 39, "num_statements": 46, "percent_covered": 84.78260869565217, "percent_covered_display": "85", "missing_lines": 7, "excluded_lines": 0, "percent_statements_covered": 84.78260869565217, "percent_statements_covered_display": "85"}, "missing_lines": [26, 27, 34, 35, 36, 225, 226], "excluded_lines": [], "start_line": 1}}, "classes": {"": {"executed_lines": [1, 2, 3, 4, 5, 6, 7, 8, 9, 10, 13, 14, 17, 19, 22, 23, 25, 31, 32, 33, 39, 41, 42, 43, 44, 45, 47, 49, 50, 52, 53, 54, 56, 57, 58, 59, 60, 61, 64, 65, 69, 70, 71, 73, 74, 75, 77, 78, 79, 81, 82, 83, 85, 86, 87, 88, 89, 90, 95, 96, 97, 98, 99, 100, 101, 102, 103, 104, 105, 106, 108, 109, 111, 112, 113, 115, 116, 117, 118, 119, 120, 121, 122, 123, 124, 125, 127, 128, 130, 131, 132, 134, 135, 136, 137, 138, 139, 140, 141, 142, 143, 148, 149, 151, 152, 153, 155, 156, 159, 160, 163, 166, 167, 168, 170, 171, 173, 175, 177, 178, 179, 180, 181, 182, 184, 185, 187, 188, 189, 190, 196, 197, 199, 200, 201, 203, 204, 205, 206, 207, 208, 210, 211, 213, 214, 215, 221, 222, 224], "summary": {"covered_lines": 149, "num_statements": 170, "percent_covered": 87.6470588235294, "percent_covered_display": "88", "missing_lines": 21, "excluded_lines": 0, "percent_statements_covered": 87.6470588235294, "percent_statements_covered_display": "88"}, "missing_lines": [26, 27, 34, 35, 36, 144, 145, 146, 157, 164, 165, 191, 192, 193, 194, 216, 217, 218, 219, 225, 226], "excluded_lines": [], "start_line": 1}}}, "tests\\__init__.py": {"executed_lines": [], "summary": {"covered_lines": 0, "num_statements": 0, "percent_covered": 100.0, "percent_covered_display": "100", "missing_lines": 0, "excluded_lines": 0, "percent_statements_covered": 100.0, "percent_statements_covered_display": "100"}, "missing_lines": [], "excluded_lines": [], "functions": {"": {"executed_lines": [], "summary": {"covered_lines": 0, "num_statements": 0, "percent_covered": 100.0, "percent_covered_display": "100", "missing_lines": 0, "excluded_lines": 0, "percent_statements_covered": 100.0, "percent_statements_covered_display": "100"}, "missing_lines": [], "excluded_lines": [], "start_line": 1}}, "classes": {"": {"executed_lines": [], "summary": {"covered_lines": 0, "num_statements": 0, "percent_covered": 100.0, "percent_covered_display": "100", "missing_lines": 0, "excluded_lines": 0, "percent_statements_covered": 100.0, "percent_statements_covered_display": "100"}, "missing_lines": [], "excluded_lines": [], "start_line": 1}}}, "tests\\test_app.py": {"executed_lines": [7, 8, 9, 14, 15, 17, 18, 21, 22, 27, 31, 32, 35, 36, 37, 38, 40, 41, 43, 44, 46, 51, 53, 54, 55, 58, 60, 61, 62, 67, 68, 69, 70, 71, 72, 77, 78, 79, 80, 81, 83, 84, 85, 86, 87, 89, 90, 91, 92, 93, 94, 96, 97, 98, 99, 100, 101, 106, 107, 108, 109, 111, 112, 113, 114, 115, 120, 126, 127, 128, 130, 131, 132, 134, 140, 142, 143, 144, 145, 147, 148, 149, 150, 151, 153, 159, 161, 162, 163, 165, 166, 167, 168, 169, 171, 177, 182, 183, 184, 185, 187, 188, 189, 190, 191, 195, 196, 197, 199, 200, 201, 203, 204, 205, 206, 207, 209, 210, 215, 216, 217, 218, 220, 221, 222, 223, 224, 228, 232, 233, 235, 236, 237, 239, 240, 241, 242, 243, 245, 249, 254, 255, 256, 257, 259, 260, 261, 262, 263, 264, 268, 274, 276, 277, 278, 280, 285, 287, 288, 289, 291, 297, 299, 300, 301, 303, 304, 305, 306, 307, 309, 315, 320, 321, 322, 323, 325, 326, 327, 328, 329, 331, 335, 337, 338, 339, 341, 342, 343, 344, 345, 347, 351], "summary": {"covered_lines": 193, "num_statements": 193, "percent_covered": 100.0, "percent_covered_display": "100", "missing_lines": 0, "excluded_lines": 0, "percent_statements_covered": 100.0, "percent_statements_covered_display": "100"}, "missing_lines": [], "excluded_lines": [], "functions": {"mock_env": {"executed_lines": [17, 18], "summary": {"covered_lines": 2, "num_statements": 2, "percent_covered": 100.0, "percent_covered_display": "100", "missing_lines": 0, "excluded_lines": 0, "percent_statements_covered": 100.0, "percent_statements_covered_display": "100"}, "missing_lines": [], "excluded_lines": [], "start_line": 15}, "app_client": {"executed_lines": [27, 31, 32, 35, 36, 37, 38, 40, 41, 43, 44, 46], "summary": {"covered_lines": 12, "num_statements": 12, "percent_covered": 100.0, "percent_covered_display": "100", "missing_lines": 0, "excluded_lines": 0, "percent_statements_covered": 100.0, "percent_statements_covered_display": "100"}, "missing_lines": [], "excluded_lines": [], "start_line": 22}, "auth_ok": {"executed_lines": [53, 54, 55], "summary": {"covered_lines": 3, "num_statements": 3, "percent_covered": 100.0, "percent_covered_display": "100", "missing_lines": 0, "excluded_lines": 0, "percent_statements_covered": 100.0, "percent_statements_covered_display": "100"}, "missing_lines": [], "excluded_lines": [], "start_line": 51}, "auth_fail": {"executed_lines": [60, 61, 62], "summary": {"covered_lines": 3, "num_statements": 3, "percent_covered": 100.0, "percent_covered_display": "100", "missing_lines": 0, "excluded_lines": 0, "percent_statements_covered": 100.0, "percent_statements_covered_display": "100"}, "missing_lines": [], "excluded_lines": [], "start_line": 58}, "TestHealth.test_health_returns_ok": {"executed_lines": [69, 70, 71, 72], "summary": {"covered_lines": 4, "num_statements": 4, "percent_covered": 100.0, "percent_covered_display": "100", "missing_lines": 0, "excluded_lines": 0, "percent_statements_covered": 100.0, "percent_statements_covered_display": "100"}, "missing_lines": [], "excluded_lines": [], "start_line": 68}, "TestAuthMiddleware.test_missing_auth_header_returns_401": {"executed_lines": [79, 80, 81], "summary": {"covered_lines": 3, "num_statements": 3, "percent_covered": 100.0, "percent_covered_display": "100", "missing_lines": 0, "excluded_lines": 0, "percent_statements_covered": 100.0, "percent_statements_covered_display": "100"}, "missing_lines": [], "excluded_lines": [], "start_line": 78}, "TestAuthMiddleware.test_invalid_key_returns_401": {"executed_lines": [84, 85, 86, 87], "summary": {"covered_lines": 4, "num_statements": 4, "percent_covered": 100.0, "percent_covered_display": "100", "missing_lines": 0, "excluded_lines": 0, "percent_statements_covered": 100.0, "percent_statements_covered_display": "100"}, "missing_lines": [], "excluded_lines": [], "start_line": 83}, "TestAuthMiddleware.test_auth_service_timeout_returns_504": {"executed_lines": [90, 91, 92, 93, 94], "summary": {"covered_lines": 5, "num_statements": 5, "percent_covered": 100.0, "percent_covered_display": "100", "missing_lines": 0, "excluded_lines": 0, "percent_statements_covered": 100.0, "percent_statements_covered_display": "100"}, "missing_lines": [], "excluded_lines": [], "start_line": 89}, "TestAuthMiddleware.test_auth_service_unavailable_returns_503": {"executed_lines": [97, 98, 99, 100, 101], "summary": {"covered_lines": 5, "num_statements": 5, "percent_covered": 100.0, "percent_covered_display": "100", "missing_lines": 0, "excluded_lines": 0, "percent_statements_covered": 100.0, "percent_statements_covered_display": "100"}, "missing_lines": [], "excluded_lines": [], "start_line": 96}, "TestCreateFlag.test_create_flag_success": {"executed_lines": [108, 109, 111, 112, 113, 114, 115, 120, 126, 127, 128], "summary": {"covered_lines": 11, "num_statements": 11, "percent_covered": 100.0, "percent_covered_display": "100", "missing_lines": 0, "excluded_lines": 0, "percent_statements_covered": 100.0, "percent_statements_covered_display": "100"}, "missing_lines": [], "excluded_lines": [], "start_line": 107}, "TestCreateFlag.test_create_flag_missing_name_returns_400": {"executed_lines": [131, 132, 134, 140], "summary": {"covered_lines": 4, "num_statements": 4, "percent_covered": 100.0, "percent_covered_display": "100", "missing_lines": 0, "excluded_lines": 0, "percent_statements_covered": 100.0, "percent_statements_covered_display": "100"}, "missing_lines": [], "excluded_lines": [], "start_line": 130}, "TestCreateFlag.test_create_flag_duplicate_returns_409": {"executed_lines": [143, 144, 145, 147, 148, 149, 150, 151, 153, 159], "summary": {"covered_lines": 10, "num_statements": 10, "percent_covered": 100.0, "percent_covered_display": "100", "missing_lines": 0, "excluded_lines": 0, "percent_statements_covered": 100.0, "percent_statements_covered_display": "100"}, "missing_lines": [], "excluded_lines": [], "start_line": 142}, "TestCreateFlag.test_create_flag_db_error_returns_500": {"executed_lines": [162, 163, 165, 166, 167, 168, 169, 171, 177], "summary": {"covered_lines": 9, "num_statements": 9, "percent_covered": 100.0, "percent_covered_display": "100", "missing_lines": 0, "excluded_lines": 0, "percent_statements_covered": 100.0, "percent_statements_covered_display": "100"}, "missing_lines": [], "excluded_lines": [], "start_line": 161}, "TestGetFlags.test_list_flags_returns_200": {"executed_lines": [184, 185, 187, 188, 189, 190, 191, 195, 196, 197], "summary": {"covered_lines": 10, "num_statements": 10, "percent_covered": 100.0, "percent_covered_display": "100", "missing_lines": 0, "excluded_lines": 0, "percent_statements_covered": 100.0, "percent_statements_covered_display": "100"}, "missing_lines": [], "excluded_lines": [], "start_line": 183}, "TestGetFlags.test_list_flags_db_error_returns_500": {"executed_lines": [200, 201, 203, 204, 205, 206, 207, 209, 210], "summary": {"covered_lines": 9, "num_statements": 9, "percent_covered": 100.0, "percent_covered_display": "100", "missing_lines": 0, "excluded_lines": 0, "percent_statements_covered": 100.0, "percent_statements_covered_display": "100"}, "missing_lines": [], "excluded_lines": [], "start_line": 199}, "TestGetFlag.test_get_existing_flag_returns_200": {"executed_lines": [217, 218, 220, 221, 222, 223, 224, 228, 232, 233], "summary": {"covered_lines": 10, "num_statements": 10, "percent_covered": 100.0, "percent_covered_display": "100", "missing_lines": 0, "excluded_lines": 0, "percent_statements_covered": 100.0, "percent_statements_covered_display": "100"}, "missing_lines": [], "excluded_lines": [], "start_line": 216}, "TestGetFlag.test_get_nonexistent_flag_returns_404": {"executed_lines": [236, 237, 239, 240, 241, 242, 243, 245, 249], "summary": {"covered_lines": 9, "num_statements": 9, "percent_covered": 100.0, "percent_covered_display": "100", "missing_lines": 0, "excluded_lines": 0, "percent_statements_covered": 100.0, "percent_statements_covered_display": "100"}, "missing_lines": [], "excluded_lines": [], "start_line": 235}, "TestUpdateFlag.test_update_flag_success": {"executed_lines": [256, 257, 259, 260, 261, 262, 263, 264, 268, 274], "summary": {"covered_lines": 10, "num_statements": 10, "percent_covered": 100.0, "percent_covered_display": "100", "missing_lines": 0, "excluded_lines": 0, "percent_statements_covered": 100.0, "percent_statements_covered_display": "100"}, "missing_lines": [], "excluded_lines": [], "start_line": 255}, "TestUpdateFlag.test_update_flag_no_body_returns_400": {"executed_lines": [277, 278, 280, 285], "summary": {"covered_lines": 4, "num_statements": 4, "percent_covered": 100.0, "percent_covered_display": "100", "missing_lines": 0, "excluded_lines": 0, "percent_statements_covered": 100.0, "percent_statements_covered_display": "100"}, "missing_lines": [], "excluded_lines": [], "start_line": 276}, "TestUpdateFlag.test_update_flag_no_valid_fields_returns_400": {"executed_lines": [288, 289, 291, 297], "summary": {"covered_lines": 4, "num_statements": 4, "percent_covered": 100.0, "percent_covered_display": "100", "missing_lines": 0, "excluded_lines": 0, "percent_statements_covered": 100.0, "percent_statements_covered_display": "100"}, "missing_lines": [], "excluded_lines": [], "start_line": 287}, "TestUpdateFlag.test_update_nonexistent_flag_returns_404": {"executed_lines": [300, 301, 303, 304, 305, 306, 307, 309, 315], "summary": {"covered_lines": 9, "num_statements": 9, "percent_covered": 100.0, "percent_covered_display": "100", "missing_lines": 0, "excluded_lines": 0, "percent_statements_covered": 100.0, "percent_statements_covered_display": "100"}, "missing_lines": [], "excluded_lines": [], "start_line": 299}, "TestDeleteFlag.test_delete_existing_flag_returns_204": {"executed_lines": [322, 323, 325, 326, 327, 328, 329, 331, 335], "summary": {"covered_lines": 9, "num_statements": 9, "percent_covered": 100.0, "percent_covered_display": "100", "missing_lines": 0, "excluded_lines": 0, "percent_statements_covered": 100.0, "percent_statements_covered_display": "100"}, "missing_lines": [], "excluded_lines": [], "start_line": 321}, "TestDeleteFlag.test_delete_nonexistent_flag_returns_404": {"executed_lines": [338, 339, 341, 342, 343, 344, 345, 347, 351], "summary": {"covered_lines": 9, "num_statements": 9, "percent_covered": 100.0, "percent_covered_display": "100", "missing_lines": 0, "excluded_lines": 0, "percent_statements_covered": 100.0, "percent_statements_covered_display": "100"}, "missing_lines": [], "excluded_lines": [], "start_line": 337}, "": {"executed_lines": [7, 8, 9, 14, 15, 21, 22, 51, 58, 67, 68, 77, 78, 83, 89, 96, 106, 107, 130, 142, 161, 182, 183, 199, 215, 216, 235, 254, 255, 276, 287, 299, 320, 321, 337], "summary": {"covered_lines": 35, "num_statements": 35, "percent_covered": 100.0, "percent_covered_display": "100", "missing_lines": 0, "excluded_lines": 0, "percent_statements_covered": 100.0, "percent_statements_covered_display": "100"}, "missing_lines": [], "excluded_lines": [], "start_line": 1}}, "classes": {"TestHealth": {"executed_lines": [69, 70, 71, 72], "summary": {"covered_lines": 4, "num_statements": 4, "percent_covered": 100.0, "percent_covered_display": "100", "missing_lines": 0, "excluded_lines": 0, "percent_statements_covered": 100.0, "percent_statements_covered_display": "100"}, "missing_lines": [], "excluded_lines": [], "start_line": 67}, "TestAuthMiddleware": {"executed_lines": [79, 80, 81, 84, 85, 86, 87, 90, 91, 92, 93, 94, 97, 98, 99, 100, 101], "summary": {"covered_lines": 17, "num_statements": 17, "percent_covered": 100.0, "percent_covered_display": "100", "missing_lines": 0, "excluded_lines": 0, "percent_statements_covered": 100.0, "percent_statements_covered_display": "100"}, "missing_lines": [], "excluded_lines": [], "start_line": 77}, "TestCreateFlag": {"executed_lines": [108, 109, 111, 112, 113, 114, 115, 120, 126, 127, 128, 131, 132, 134, 140, 143, 144, 145, 147, 148, 149, 150, 151, 153, 159, 162, 163, 165, 166, 167, 168, 169, 171, 177], "summary": {"covered_lines": 34, "num_statements": 34, "percent_covered": 100.0, "percent_covered_display": "100", "missing_lines": 0, "excluded_lines": 0, "percent_statements_covered": 100.0, "percent_statements_covered_display": "100"}, "missing_lines": [], "excluded_lines": [], "start_line": 106}, "TestGetFlags": {"executed_lines": [184, 185, 187, 188, 189, 190, 191, 195, 196, 197, 200, 201, 203, 204, 205, 206, 207, 209, 210], "summary": {"covered_lines": 19, "num_statements": 19, "percent_covered": 100.0, "percent_covered_display": "100", "missing_lines": 0, "excluded_lines": 0, "percent_statements_covered": 100.0, "percent_statements_covered_display": "100"}, "missing_lines": [], "excluded_lines": [], "start_line": 182}, "TestGetFlag": {"executed_lines": [217, 218, 220, 221, 222, 223, 224, 228, 232, 233, 236, 237, 239, 240, 241, 242, 243, 245, 249], "summary": {"covered_lines": 19, "num_statements": 19, "percent_covered": 100.0, "percent_covered_display": "100", "missing_lines": 0, "excluded_lines": 0, "percent_statements_covered": 100.0, "percent_statements_covered_display": "100"}, "missing_lines": [], "excluded_lines": [], "start_line": 215}, "TestUpdateFlag": {"executed_lines": [256, 257, 259, 260, 261, 262, 263, 264, 268, 274, 277, 278, 280, 285, 288, 289, 291, 297, 300, 301, 303, 304, 305, 306, 307, 309, 315], "summary": {"covered_lines": 27, "num_statements": 27, "percent_covered": 100.0, "percent_covered_display": "100", "missing_lines": 0, "excluded_lines": 0, "percent_statements_covered": 100.0, "percent_statements_covered_display": "100"}, "missing_lines": [], "excluded_lines": [], "start_line": 254}, "TestDeleteFlag": {"executed_lines": [322, 323, 325, 326, 327, 328, 329, 331, 335, 338, 339, 341, 342, 343, 344, 345, 347, 351], "summary": {"covered_lines": 18, "num_statements": 18, "percent_covered": 100.0, "percent_covered_display": "100", "missing_lines": 0, "excluded_lines": 0, "percent_statements_covered": 100.0, "percent_statements_covered_display": "100"}, "missing_lines": [], "excluded_lines": [], "start_line": 320}, "": {"executed_lines": [7, 8, 9, 14, 15, 17, 18, 21, 22, 27, 31, 32, 35, 36, 37, 38, 40, 41, 43, 44, 46, 51, 53, 54, 55, 58, 60, 61, 62, 67, 68, 77, 78, 83, 89, 96, 106, 107, 130, 142, 161, 182, 183, 199, 215, 216, 235, 254, 255, 276, 287, 299, 320, 321, 337], "summary": {"covered_lines": 55, "num_statements": 55, "percent_covered": 100.0, "percent_covered_display": "100", "missing_lines": 0, "excluded_lines": 0, "percent_statements_covered": 100.0, "percent_statements_covered_display": "100"}, "missing_lines": [], "excluded_lines": [], "start_line": 1}}}}, "totals": {"covered_lines": 342, "num_statements": 363, "percent_covered": 94.21487603305785, "percent_covered_display": "94", "missing_lines": 21, "excluded_lines": 0, "percent_statements_covered": 94.21487603305785, "percent_statements_covered_display": "94"}}